<?xml version="1.0" encoding="UTF-8"?>
<testsuite xmlns:xsi="http://www.w3.org/2001/XMLSchema-instance" xsi:noNamespaceSchemaLocation="https://maven.apache.org/surefire/maven-surefire-plugin/xsd/surefire-test-report-3.0.xsd" version="3.0" name="com.nxest.keycloak.tutorial.SpringBootKeycloakTutorialApplicationTests" time="5.545" tests="1" errors="0" skipped="0" failures="0">
  <properties>
[...]
</properties>
  <testcase name="contextLoads" classname="com.nxest.keycloak.tutorial.SpringBootKeycloakTutorialApplicationTests" time="1.462">
    <system-out><![CDATA[00:05:57.463 [main] INFO org.springframework.test.context.support.AnnotationConfigContextLoaderUtils -- Could not detect default configuration classes for test class [com.nxest.keycloak.tutorial.SpringBootKeycloakTutorialApplicationTests]: SpringBootKeycloakTutorialApplicationTests does not declare any static, non-private, non-final, nested classes annotated with @Configuration.
00:05:57.717 [main] INFO org.springframework.boot.test.context.SpringBootTestContextBootstrapper -- Found @SpringBootConfiguration com.nxest.keycloak.tutorial.SpringBootKeycloakTutorialApplication for test class com.nxest.keycloak.tutorial.SpringBootKeycloakTutorialApplicationTests
00:05:58.094 [main] INFO org.springframework.boot.devtools.restart.RestartApplicationListener -- Restart disabled due to context in which it is running

  .   ____          _            __ _ _
 /\\ / ___'_ __ _ _(_)_ __  __ _ \ \ \ \
( ( )\___ | '_ | '_| | '_ \/ _` | \ \ \ \
 \\/  ___)| |_)| | | | | || (_| |  ) ) ) )
  '  |____| .__|_| |_|_| |_\__, | / / / /
 =========|_|==============|___/=/_/_/_/

 :: Spring Boot ::                (v3.3.5)

2024-10-25T00:05:58.733+08:00  INFO 41264 --- [spring-boot-keycloak-tutorial] [           main] ringBootKeycloakTutorialApplicationTests : Starting SpringBootKeycloakTutorialApplicationTests using Java 23.0.1 with PID 41264 (started by liuquansheng in /Users/liuquansheng/workspace/l10178/spring-boot-keycloak-tutorial)
2024-10-25T00:05:58.735+08:00  INFO 41264 --- [spring-boot-keycloak-tutorial] [           main] ringBootKeycloakTutorialApplicationTests : No active profile set, falling back to 1 default profile: "default"
2024-10-25T00:06:01.185+08:00  INFO 41264 --- [spring-boot-keycloak-tutorial] [           main] ringBootKeycloakTutorialApplicationTests : Started SpringBootKeycloakTutorialApplicationTests in 3.121 seconds (process running for 5.259)
]]></system-out>
    <system-err><![CDATA[WARNING: A Java agent has been loaded dynamically (/Users/liuquansheng/.m2/repository/net/bytebuddy/byte-buddy-agent/1.14.19/byte-buddy-agent-1.14.19.jar)
WARNING: If a serviceability tool is in use, please run with -XX:+EnableDynamicAgentLoading to hide this warning
WARNING: If a serviceability tool is not in use, please run with -Djdk.instrument.traceUsage for more information
WARNING: Dynamic loading of agents will be disallowed by default in a future release
]]></system-err>
  </testcase>
</testsuite>